<?xml version="1.0" encoding="UTF-8"?>
<!-- Generated by org.testng.reporters.JUnitReportReporter -->
<testsuite hostname="DESKTOP-DRB5IJT" failures="0" tests="1" name="automate.test1" time="55.441" errors="0" timestamp="2023-01-09T18:53:01 IST" skipped="0">
  <testcase classname="automate.test1" name="entertext" time="55.441"/>
  <system-out/>
</testsuite> <!-- automate.test1 -->
